000 (199778511.000.000) 2023-11-08 03:10:18 Job submitted from host: <10.128.11.86:20758?addrs=10.128.11.86-20758&alias=submit-1.icecube.wisc.edu>
...
001 (199778511.000.000) 2023-11-08 03:11:23 Job executing on host: <10.128.11.107:35136?addrs=10.128.11.107-35136&alias=n-48.icecube.wisc.edu>
...
006 (199778511.000.000) 2023-11-08 03:11:24 Image size of job updated: 132
	0  -  MemoryUsage of job (MB)
	0  -  ResidentSetSize of job (KB)
...
005 (199778511.000.000) 2023-11-08 03:11:24 Job terminated.
	(1) Normal termination (return value 1)
		Usr 0 00:00:00, Sys 0 00:00:00  -  Run Remote Usage
		Usr 0 00:00:00, Sys 0 00:00:00  -  Run Local Usage
		Usr 0 00:00:00, Sys 0 00:00:00  -  Total Remote Usage
		Usr 0 00:00:00, Sys 0 00:00:00  -  Total Local Usage
	0  -  Run Bytes Sent By Job
	0  -  Run Bytes Received By Job
	0  -  Total Bytes Sent By Job
	0  -  Total Bytes Received By Job
	Partitionable Resources :    Usage  Request Allocated 
	   admin_mutex_1         :                           0 
	   admin_mutex_2         :                           0 
	   admin_mutex_3         :                           0 
	   Cpus                  :                 4         4 
	   Disk (KB)             :        1  1000000   3284270 
	   GPUs                  :                           0 
	   machine_token         :                           0 
	   Memory (MB)           :        0    10240     10240 

	Job terminated of its own accord at 2023-11-08T09:11:24Z.
...
000 (199778671.000.000) 2023-11-08 03:12:34 Job submitted from host: <10.128.11.86:20758?addrs=10.128.11.86-20758&alias=submit-1.icecube.wisc.edu>
...
001 (199778671.000.000) 2023-11-08 03:13:17 Job executing on host: <10.128.11.115:53030?addrs=10.128.11.115-53030&alias=n-55.icecube.wisc.edu>
...
006 (199778671.000.000) 2023-11-08 03:13:18 Image size of job updated: 17160
	0  -  MemoryUsage of job (MB)
	0  -  ResidentSetSize of job (KB)
...
006 (199778671.000.000) 2023-11-08 03:13:18 Image size of job updated: 17292
	0  -  MemoryUsage of job (MB)
	0  -  ResidentSetSize of job (KB)
...
005 (199778671.000.000) 2023-11-08 03:13:18 Job terminated.
	(1) Normal termination (return value 1)
		Usr 0 00:00:01, Sys 0 00:00:00  -  Run Remote Usage
		Usr 0 00:00:00, Sys 0 00:00:00  -  Run Local Usage
		Usr 0 00:00:01, Sys 0 00:00:00  -  Total Remote Usage
		Usr 0 00:00:00, Sys 0 00:00:00  -  Total Local Usage
	0  -  Run Bytes Sent By Job
	0  -  Run Bytes Received By Job
	0  -  Total Bytes Sent By Job
	0  -  Total Bytes Received By Job
	Partitionable Resources :    Usage  Request Allocated 
	   admin_mutex_1         :                           0 
	   admin_mutex_2         :                           0 
	   admin_mutex_3         :                           0 
	   Cpus                  :                 4         4 
	   Disk (KB)             :        1  1000000   1091102 
	   GPUs                  :                           0 
	   machine_token         :                           0 
	   Memory (MB)           :        0    10240     10240 

	Job terminated of its own accord at 2023-11-08T09:13:18Z.
...
000 (199778862.000.000) 2023-11-08 03:15:06 Job submitted from host: <10.128.11.86:20758?addrs=10.128.11.86-20758&alias=submit-1.icecube.wisc.edu>
...
001 (199778862.000.000) 2023-11-08 03:19:16 Job executing on host: <10.128.11.27:56607?addrs=10.128.11.27-56607&alias=c8-8.icecube.wisc.edu>
...
006 (199778862.000.000) 2023-11-08 03:19:17 Image size of job updated: 232
	1  -  MemoryUsage of job (MB)
	232  -  ResidentSetSize of job (KB)
...
005 (199778862.000.000) 2023-11-08 03:19:17 Job terminated.
	(1) Normal termination (return value 1)
		Usr 0 00:00:00, Sys 0 00:00:00  -  Run Remote Usage
		Usr 0 00:00:00, Sys 0 00:00:00  -  Run Local Usage
		Usr 0 00:00:00, Sys 0 00:00:00  -  Total Remote Usage
		Usr 0 00:00:00, Sys 0 00:00:00  -  Total Local Usage
	0  -  Run Bytes Sent By Job
	0  -  Run Bytes Received By Job
	0  -  Total Bytes Sent By Job
	0  -  Total Bytes Received By Job
	Partitionable Resources :    Usage  Request Allocated 
	   admin_mutex_1         :                           0 
	   admin_mutex_2         :                           0 
	   admin_mutex_3         :                           0 
	   Cpus                  :                 4         4 
	   Disk (KB)             :        1  1000000   3294928 
	   GPUs                  :                           0 
	   machine_token         :                           0 
	   Memory (MB)           :        1    10240     10240 

	Job terminated of its own accord at 2023-11-08T09:19:17Z.
...
000 (199780450.000.000) 2023-11-08 03:41:16 Job submitted from host: <10.128.11.86:20758?addrs=10.128.11.86-20758&alias=submit-1.icecube.wisc.edu>
...
001 (199780450.000.000) 2023-11-08 03:43:16 Job executing on host: <10.128.10.13:37309?addrs=10.128.10.13-37309&alias=n-103.icecube.wisc.edu>
...
006 (199780450.000.000) 2023-11-08 03:43:17 Image size of job updated: 316
	1  -  MemoryUsage of job (MB)
	316  -  ResidentSetSize of job (KB)
...
005 (199780450.000.000) 2023-11-08 03:43:17 Job terminated.
	(1) Normal termination (return value 1)
		Usr 0 00:00:00, Sys 0 00:00:00  -  Run Remote Usage
		Usr 0 00:00:00, Sys 0 00:00:00  -  Run Local Usage
		Usr 0 00:00:00, Sys 0 00:00:00  -  Total Remote Usage
		Usr 0 00:00:00, Sys 0 00:00:00  -  Total Local Usage
	0  -  Run Bytes Sent By Job
	0  -  Run Bytes Received By Job
	0  -  Total Bytes Sent By Job
	0  -  Total Bytes Received By Job
	Partitionable Resources :    Usage  Request Allocated 
	   admin_mutex_1         :                           0 
	   admin_mutex_2         :                           0 
	   admin_mutex_3         :                           0 
	   Cpus                  :                 4         4 
	   Disk (KB)             :        1  1000000   3248457 
	   GPUs                  :                           0 
	   machine_token         :                           0 
	   Memory (MB)           :        1    10240     10240 

	Job terminated of its own accord at 2023-11-08T09:43:17Z.
...
000 (199897170.000.000) 2023-11-09 15:03:49 Job submitted from host: <10.128.11.86:20758?addrs=10.128.11.86-20758&alias=submit-1.icecube.wisc.edu>
...
001 (199897170.000.000) 2023-11-09 15:08:48 Job executing on host: <10.128.11.56:46841?addrs=10.128.11.56-46841&alias=c9-17.icecube.wisc.edu>
...
006 (199897170.000.000) 2023-11-09 15:08:57 Image size of job updated: 169532
	159  -  MemoryUsage of job (MB)
	162140  -  ResidentSetSize of job (KB)
...
006 (199897170.000.000) 2023-11-09 15:11:54 Image size of job updated: 1119844
	159  -  MemoryUsage of job (MB)
	162272  -  ResidentSetSize of job (KB)
...
005 (199897170.000.000) 2023-11-09 15:11:54 Job terminated.
	(1) Normal termination (return value 0)
		Usr 0 00:02:58, Sys 0 00:00:01  -  Run Remote Usage
		Usr 0 00:00:00, Sys 0 00:00:00  -  Run Local Usage
		Usr 0 00:02:58, Sys 0 00:00:01  -  Total Remote Usage
		Usr 0 00:00:00, Sys 0 00:00:00  -  Total Local Usage
	0  -  Run Bytes Sent By Job
	0  -  Run Bytes Received By Job
	0  -  Total Bytes Sent By Job
	0  -  Total Bytes Received By Job
	Partitionable Resources :    Usage  Request Allocated 
	   admin_mutex_1         :                           0 
	   admin_mutex_2         :                           0 
	   admin_mutex_3         :                           0 
	   Cpus                  :     1.00        4         4 
	   Disk (KB)             :     1     1000000   3293960 
	   GPUs                  :                           0 
	   machine_token         :                           0 
	   Memory (MB)           :   159       10240     10240 

	Job terminated of its own accord at 2023-11-09T21:11:54Z.
...
000 (199897425.000.000) 2023-11-09 15:56:22 Job submitted from host: <10.128.11.86:20758?addrs=10.128.11.86-20758&alias=submit-1.icecube.wisc.edu>
...
001 (199897425.000.000) 2023-11-09 16:00:49 Job executing on host: <10.128.11.38:37354?addrs=10.128.11.38-37354&alias=c8-19.icecube.wisc.edu>
...
006 (199897425.000.000) 2023-11-09 16:00:57 Image size of job updated: 148256
	143  -  MemoryUsage of job (MB)
	145616  -  ResidentSetSize of job (KB)
...
006 (199897425.000.000) 2023-11-09 16:04:21 Image size of job updated: 1120052
	143  -  MemoryUsage of job (MB)
	145616  -  ResidentSetSize of job (KB)
...
005 (199897425.000.000) 2023-11-09 16:04:21 Job terminated.
	(1) Normal termination (return value 0)
		Usr 0 00:03:21, Sys 0 00:00:01  -  Run Remote Usage
		Usr 0 00:00:00, Sys 0 00:00:00  -  Run Local Usage
		Usr 0 00:03:21, Sys 0 00:00:01  -  Total Remote Usage
		Usr 0 00:00:00, Sys 0 00:00:00  -  Total Local Usage
	0  -  Run Bytes Sent By Job
	0  -  Run Bytes Received By Job
	0  -  Total Bytes Sent By Job
	0  -  Total Bytes Received By Job
	Partitionable Resources :    Usage  Request Allocated 
	   admin_mutex_1         :                           0 
	   admin_mutex_2         :                           0 
	   admin_mutex_3         :                           0 
	   Cpus                  :     1.00        4         4 
	   Disk (KB)             :     1     1000000   3293960 
	   GPUs                  :                           0 
	   machine_token         :                           0 
	   Memory (MB)           :   143       10240     10240 

	Job terminated of its own accord at 2023-11-09T22:04:21Z.
...
