000 (141116893.000.000) 2022-06-16 09:20:47 Job submitted from host: <10.128.11.86:55812?addrs=10.128.11.86-55812&alias=submit-1.icecube.wisc.edu>
...
001 (141116893.000.000) 2022-06-16 09:22:30 Job executing on host: <10.128.11.58:52029?addrs=10.128.11.58-52029&alias=c9-19.icecube.wisc.edu>
...
006 (141116893.000.000) 2022-06-16 09:22:38 Image size of job updated: 323616
	59  -  MemoryUsage of job (MB)
	59548  -  ResidentSetSize of job (KB)
...
006 (141116893.000.000) 2022-06-16 09:27:38 Image size of job updated: 494208
	177  -  MemoryUsage of job (MB)
	180372  -  ResidentSetSize of job (KB)
...
005 (141116893.000.000) 2022-06-16 09:29:57 Job terminated.
	(1) Normal termination (return value 0)
		Usr 0 00:07:20, Sys 0 00:00:00  -  Run Remote Usage
		Usr 0 00:00:00, Sys 0 00:00:00  -  Run Local Usage
		Usr 0 00:07:20, Sys 0 00:00:00  -  Total Remote Usage
		Usr 0 00:00:00, Sys 0 00:00:00  -  Total Local Usage
	0  -  Run Bytes Sent By Job
	0  -  Run Bytes Received By Job
	0  -  Total Bytes Sent By Job
	0  -  Total Bytes Received By Job
	Partitionable Resources :    Usage  Request Allocated 
	   admin_mutex_1         :                           0 
	   admin_mutex_2         :                           0 
	   admin_mutex_3         :                           0 
	   Cpus                  :     1.00        4         4 
	   Disk (KB)             :     1     1000000   3322655 
	   GPUs                  :                           0 
	   machine_token         :                           0 
	   Memory (MB)           :   177        1000      1024 

	Job terminated of its own accord at 2022-06-16T14:29:57Z.
...
000 (141117632.000.000) 2022-06-16 09:40:21 Job submitted from host: <10.128.11.86:55812?addrs=10.128.11.86-55812&alias=submit-1.icecube.wisc.edu>
...
001 (141117632.000.000) 2022-06-16 09:46:30 Job executing on host: <10.128.11.61:41961?addrs=10.128.11.61-41961&alias=n-31.icecube.wisc.edu>
...
006 (141117632.000.000) 2022-06-16 09:46:39 Image size of job updated: 82604
	59  -  MemoryUsage of job (MB)
	60296  -  ResidentSetSize of job (KB)
...
006 (141117632.000.000) 2022-06-16 09:51:40 Image size of job updated: 494176
	177  -  MemoryUsage of job (MB)
	180892  -  ResidentSetSize of job (KB)
...
005 (141117632.000.000) 2022-06-16 09:58:49 Job terminated.
	(1) Normal termination (return value 0)
		Usr 0 00:12:13, Sys 0 00:00:03  -  Run Remote Usage
		Usr 0 00:00:00, Sys 0 00:00:00  -  Run Local Usage
		Usr 0 00:12:13, Sys 0 00:00:03  -  Total Remote Usage
		Usr 0 00:00:00, Sys 0 00:00:00  -  Total Local Usage
	0  -  Run Bytes Sent By Job
	0  -  Run Bytes Received By Job
	0  -  Total Bytes Sent By Job
	0  -  Total Bytes Received By Job
	Partitionable Resources :    Usage  Request Allocated 
	   admin_mutex_1         :                           0 
	   admin_mutex_2         :                           0 
	   admin_mutex_3         :                           0 
	   Cpus                  :     1.00        4         4 
	   Disk (KB)             :     1     1000000   1269171 
	   GPUs                  :                           0 
	   machine_token         :                           0 
	   Memory (MB)           :   177        1000      1024 

	Job terminated of its own accord at 2022-06-16T14:58:49Z.
...
000 (141118120.000.000) 2022-06-16 10:15:06 Job submitted from host: <10.128.11.86:55812?addrs=10.128.11.86-55812&alias=submit-1.icecube.wisc.edu>
...
001 (141118120.000.000) 2022-06-16 10:16:33 Job executing on host: <10.128.11.35:59190?addrs=10.128.11.35-59190&alias=c8-16.icecube.wisc.edu>
...
006 (141118120.000.000) 2022-06-16 10:16:41 Image size of job updated: 236796
	60  -  MemoryUsage of job (MB)
	60480  -  ResidentSetSize of job (KB)
...
006 (141118120.000.000) 2022-06-16 10:21:41 Image size of job updated: 494172
	177  -  MemoryUsage of job (MB)
	180808  -  ResidentSetSize of job (KB)
...
005 (141118120.000.000) 2022-06-16 10:23:20 Job terminated.
	(1) Normal termination (return value 0)
		Usr 0 00:06:41, Sys 0 00:00:01  -  Run Remote Usage
		Usr 0 00:00:00, Sys 0 00:00:00  -  Run Local Usage
		Usr 0 00:06:41, Sys 0 00:00:01  -  Total Remote Usage
		Usr 0 00:00:00, Sys 0 00:00:00  -  Total Local Usage
	0  -  Run Bytes Sent By Job
	0  -  Run Bytes Received By Job
	0  -  Total Bytes Sent By Job
	0  -  Total Bytes Received By Job
	Partitionable Resources :    Usage  Request Allocated 
	   admin_mutex_1         :                           0 
	   admin_mutex_2         :                           0 
	   admin_mutex_3         :                           0 
	   Cpus                  :     1.00        4         4 
	   Disk (KB)             :     1     1000000   3322655 
	   GPUs                  :                           0 
	   machine_token         :                           0 
	   Memory (MB)           :   177        1000      1024 

	Job terminated of its own accord at 2022-06-16T15:23:19Z.
...
000 (141118892.000.000) 2022-06-16 10:45:43 Job submitted from host: <10.128.11.86:55812?addrs=10.128.11.86-55812&alias=submit-1.icecube.wisc.edu>
...
001 (141118892.000.000) 2022-06-16 10:47:33 Job executing on host: <10.128.11.60:35117?addrs=10.128.11.60-35117&alias=n-30.icecube.wisc.edu>
...
006 (141118892.000.000) 2022-06-16 10:47:41 Image size of job updated: 87628
	59  -  MemoryUsage of job (MB)
	60172  -  ResidentSetSize of job (KB)
...
006 (141118892.000.000) 2022-06-16 10:52:41 Image size of job updated: 494176
	177  -  MemoryUsage of job (MB)
	181008  -  ResidentSetSize of job (KB)
...
005 (141118892.000.000) 2022-06-16 10:57:14 Job terminated.
	(1) Normal termination (return value 0)
		Usr 0 00:09:36, Sys 0 00:00:01  -  Run Remote Usage
		Usr 0 00:00:00, Sys 0 00:00:00  -  Run Local Usage
		Usr 0 00:09:36, Sys 0 00:00:01  -  Total Remote Usage
		Usr 0 00:00:00, Sys 0 00:00:00  -  Total Local Usage
	0  -  Run Bytes Sent By Job
	0  -  Run Bytes Received By Job
	0  -  Total Bytes Sent By Job
	0  -  Total Bytes Received By Job
	Partitionable Resources :    Usage  Request Allocated 
	   admin_mutex_1         :                           0 
	   admin_mutex_2         :                           0 
	   admin_mutex_3         :                           0 
	   Cpus                  :     1.00        4         4 
	   Disk (KB)             :     1     1000000   3428568 
	   GPUs                  :                           0 
	   machine_token         :                           0 
	   Memory (MB)           :   177        1000      1024 

	Job terminated of its own accord at 2022-06-16T15:57:14Z.
...
